===== DBT STDOUT =====
[0m16:49:58  Running with dbt=1.10.0
[0m16:49:58  Registered adapter: duckdb=1.10.0
[0m16:49:59  [[33mWARNING[0m]: Configuration paths exist in your dbt_project.yml file which do not apply to any resources.
There are 1 unused configuration paths:
- models.ge_dbt.lake_view
[0m16:49:59  Found 9 models, 2 data tests, 6 sources, 444 macros
[0m16:49:59  
[0m16:49:59  Concurrency: 1 threads (target='dev')
[0m16:49:59  
[0m16:49:59  1 of 9 START sql incremental model staging.stg_customers ....................... [RUN]
[0m16:50:06  1 of 9 OK created sql incremental model staging.stg_customers .................. [[32mOK[0m in 7.07s]
[0m16:50:06  2 of 9 START sql incremental model staging.stg_exchange_rates .................. [RUN]
[0m16:50:13  2 of 9 OK created sql incremental model staging.stg_exchange_rates ............. [[32mOK[0m in 7.44s]
[0m16:50:13  3 of 9 START sql incremental model staging.stg_products ........................ [RUN]
[0m16:50:18  3 of 9 OK created sql incremental model staging.stg_products ................... [[32mOK[0m in 4.38s]
[0m16:50:18  4 of 9 START sql incremental model staging.stg_sales ........................... [RUN]
[0m16:50:22  4 of 9 OK created sql incremental model staging.stg_sales ...................... [[32mOK[0m in 4.71s]
[0m16:50:22  5 of 9 START sql incremental model staging.stg_stores .......................... [RUN]
[0m16:50:26  5 of 9 OK created sql incremental model staging.stg_stores ..................... [[32mOK[0m in 3.30s]
[0m16:50:26  6 of 9 START sql table model marts.dim_customers ............................... [RUN]
[0m16:50:26  6 of 9 OK created sql table model marts.dim_customers .......................... [[32mOK[0m in 0.05s]
[0m16:50:26  7 of 9 START sql table model marts.dim_products ................................ [RUN]
[0m16:50:26  7 of 9 OK created sql table model marts.dim_products ........................... [[32mOK[0m in 0.02s]
[0m16:50:26  8 of 9 START sql table model marts.dim_stores .................................. [RUN]
[0m16:50:26  8 of 9 OK created sql table model marts.dim_stores ............................. [[32mOK[0m in 0.02s]
[0m16:50:26  9 of 9 START sql incremental model marts.fct_sales ............................. [RUN]
[0m16:50:26  9 of 9 OK created sql incremental model marts.fct_sales ........................ [[32mOK[0m in 0.03s]
[0m16:50:26  
[0m16:50:26  Finished running 6 incremental models, 3 table models in 0 hours 0 minutes and 27.14 seconds (27.14s).
[0m16:50:26  
[0m16:50:26  [32mCompleted successfully[0m
[0m16:50:26  
[0m16:50:26  Done. PASS=9 WARN=0 ERROR=0 SKIP=0 NO-OP=0 TOTAL=9


===== DBT STDERR =====
