===== DBT STDOUT =====
[0m19:05:24  Running with dbt=1.10.0
[0m19:05:24  Registered adapter: duckdb=1.10.0
[0m19:05:25  [[33mWARNING[0m]: Configuration paths exist in your dbt_project.yml file which do not apply to any resources.
There are 1 unused configuration paths:
- models.ge_dbt.lake_view
[0m19:05:25  Found 9 models, 2 data tests, 6 sources, 444 macros
[0m19:05:25  
[0m19:05:25  Concurrency: 1 threads (target='dev')
[0m19:05:25  
[0m19:05:25  1 of 9 START sql incremental model staging.stg_customers ....................... [RUN]
[0m19:05:30  1 of 9 OK created sql incremental model staging.stg_customers .................. [[32mOK[0m in 5.11s]
[0m19:05:30  2 of 9 START sql incremental model staging.stg_exchange_rates .................. [RUN]
[0m19:05:34  2 of 9 OK created sql incremental model staging.stg_exchange_rates ............. [[32mOK[0m in 3.80s]
[0m19:05:34  3 of 9 START sql incremental model staging.stg_products ........................ [RUN]
[0m19:05:38  3 of 9 OK created sql incremental model staging.stg_products ................... [[32mOK[0m in 3.74s]
[0m19:05:38  4 of 9 START sql incremental model staging.stg_sales ........................... [RUN]
[0m19:05:45  4 of 9 OK created sql incremental model staging.stg_sales ...................... [[32mOK[0m in 7.59s]
[0m19:05:45  5 of 9 START sql incremental model staging.stg_stores .......................... [RUN]
[0m19:05:48  5 of 9 OK created sql incremental model staging.stg_stores ..................... [[32mOK[0m in 2.56s]
[0m19:05:48  6 of 9 START sql table model marts.dim_customers ............................... [RUN]
[0m19:05:48  6 of 9 OK created sql table model marts.dim_customers .......................... [[32mOK[0m in 0.05s]
[0m19:05:48  7 of 9 START sql table model marts.dim_products ................................ [RUN]
[0m19:05:48  7 of 9 OK created sql table model marts.dim_products ........................... [[32mOK[0m in 0.02s]
[0m19:05:48  8 of 9 START sql table model marts.dim_stores .................................. [RUN]
[0m19:05:48  8 of 9 OK created sql table model marts.dim_stores ............................. [[32mOK[0m in 0.02s]
[0m19:05:48  9 of 9 START sql incremental model marts.fct_sales ............................. [RUN]
[0m19:05:48  9 of 9 OK created sql incremental model marts.fct_sales ........................ [[32mOK[0m in 0.03s]
[0m19:05:48  
[0m19:05:48  Finished running 6 incremental models, 3 table models in 0 hours 0 minutes and 23.06 seconds (23.06s).
[0m19:05:48  
[0m19:05:48  [32mCompleted successfully[0m
[0m19:05:48  
[0m19:05:48  Done. PASS=9 WARN=0 ERROR=0 SKIP=0 NO-OP=0 TOTAL=9


===== DBT STDERR =====
